create 1
create 2
create 3
create 4
create 5
create 6
create 7
create 8
create 9
create 10
create 11
line1
line2
line3
line4
line5
QMGRs:6
11 6 7 MAX:11
PREV:11: NEXT:7: J:1 HALF:3
FIRST
DEFINE QREMOTE(T7) RNAME(T7) RQMNAME(TEST7) XMITQ(T6.T7)
PREV:11: NEXT:7: J:2 HALF:3
FIRST
DEFINE QREMOTE(T8) RNAME(T8) RQMNAME(TEST7) XMITQ(T6.T7)
PREV:11: NEXT:7: J:3 HALF:3
FIRST
DEFINE QREMOTE(T9) RNAME(T9) RQMNAME(TEST7) XMITQ(T6.T7)
PREV:11: NEXT:7: J:4 HALF:3
SECOND
DEFINE QREMOTE(T10) RNAME(T10) RQMNAME(TEST11) XMITQ(T6.T11)
PREV:11: NEXT:7: J:5 HALF:3
SECOND
DEFINE QREMOTE(T11) RNAME(T11) RQMNAME(TEST11) XMITQ(T6.T11)
CMD: DEFINE QREMOTE(T7) RNAME(T7) RQMNAME(TEST7) XMITQ(T6.T7) DEFINE QREMOTE(T8) RNAME(T8) RQMNAME(TEST7) XMITQ(T6.T7) DEFINE QREMOTE(T9) RNAME(T9) RQMNAME(TEST7) XMITQ(T6.T7) DEFINE QREMOTE(T10) RNAME(T10) RQMNAME(TEST11) XMITQ(T6.T11) DEFINE QREMOTE(T11) RNAME(T11) RQMNAME(TEST11) XMITQ(T6.T11)
QMGRs:6
6 7 8 MAX:11
PREV:6: NEXT:8: J:1 HALF:3
FIRST
DEFINE QREMOTE(T8) RNAME(T8) RQMNAME(TEST8) XMITQ(T7.T8)
PREV:6: NEXT:8: J:2 HALF:3
FIRST
DEFINE QREMOTE(T9) RNAME(T9) RQMNAME(TEST8) XMITQ(T7.T8)
PREV:6: NEXT:8: J:3 HALF:3
FIRST
DEFINE QREMOTE(T10) RNAME(T10) RQMNAME(TEST8) XMITQ(T7.T8)
PREV:6: NEXT:8: J:4 HALF:3
SECOND
DEFINE QREMOTE(T11) RNAME(T11) RQMNAME(TEST6) XMITQ(T7.T6)
PREV:6: NEXT:8: J:5 HALF:3
SECOND
DEFINE QREMOTE(T6) RNAME(T6) RQMNAME(TEST6) XMITQ(T7.T6)
CMD: DEFINE QREMOTE(T8) RNAME(T8) RQMNAME(TEST8) XMITQ(T7.T8) DEFINE QREMOTE(T9) RNAME(T9) RQMNAME(TEST8) XMITQ(T7.T8) DEFINE QREMOTE(T10) RNAME(T10) RQMNAME(TEST8) XMITQ(T7.T8) DEFINE QREMOTE(T11) RNAME(T11) RQMNAME(TEST6) XMITQ(T7.T6) DEFINE QREMOTE(T6) RNAME(T6) RQMNAME(TEST6) XMITQ(T7.T6)
QMGRs:6
7 8 9 MAX:11
PREV:7: NEXT:9: J:1 HALF:3
FIRST
DEFINE QREMOTE(T9) RNAME(T9) RQMNAME(TEST9) XMITQ(T8.T9)
PREV:7: NEXT:9: J:2 HALF:3
FIRST
DEFINE QREMOTE(T10) RNAME(T10) RQMNAME(TEST9) XMITQ(T8.T9)
PREV:7: NEXT:9: J:3 HALF:3
FIRST
DEFINE QREMOTE(T11) RNAME(T11) RQMNAME(TEST9) XMITQ(T8.T9)
PREV:7: NEXT:9: J:4 HALF:3
SECOND
DEFINE QREMOTE(T6) RNAME(T6) RQMNAME(TEST7) XMITQ(T8.T7)
PREV:7: NEXT:9: J:5 HALF:3
SECOND
DEFINE QREMOTE(T7) RNAME(T7) RQMNAME(TEST7) XMITQ(T8.T7)
CMD: DEFINE QREMOTE(T9) RNAME(T9) RQMNAME(TEST9) XMITQ(T8.T9) DEFINE QREMOTE(T10) RNAME(T10) RQMNAME(TEST9) XMITQ(T8.T9) DEFINE QREMOTE(T11) RNAME(T11) RQMNAME(TEST9) XMITQ(T8.T9) DEFINE QREMOTE(T6) RNAME(T6) RQMNAME(TEST7) XMITQ(T8.T7) DEFINE QREMOTE(T7) RNAME(T7) RQMNAME(TEST7) XMITQ(T8.T7)
QMGRs:6
8 9 10 MAX:11
PREV:8: NEXT:10: J:1 HALF:3
FIRST
DEFINE QREMOTE(T10) RNAME(T10) RQMNAME(TEST10) XMITQ(T9.T10)
PREV:8: NEXT:10: J:2 HALF:3
FIRST
DEFINE QREMOTE(T11) RNAME(T11) RQMNAME(TEST10) XMITQ(T9.T10)
PREV:8: NEXT:10: J:3 HALF:3
FIRST
DEFINE QREMOTE(T6) RNAME(T6) RQMNAME(TEST10) XMITQ(T9.T10)
PREV:8: NEXT:10: J:4 HALF:3
SECOND
DEFINE QREMOTE(T7) RNAME(T7) RQMNAME(TEST8) XMITQ(T9.T8)
PREV:8: NEXT:10: J:5 HALF:3
SECOND
DEFINE QREMOTE(T8) RNAME(T8) RQMNAME(TEST8) XMITQ(T9.T8)
CMD: DEFINE QREMOTE(T10) RNAME(T10) RQMNAME(TEST10) XMITQ(T9.T10) DEFINE QREMOTE(T11) RNAME(T11) RQMNAME(TEST10) XMITQ(T9.T10) DEFINE QREMOTE(T6) RNAME(T6) RQMNAME(TEST10) XMITQ(T9.T10) DEFINE QREMOTE(T7) RNAME(T7) RQMNAME(TEST8) XMITQ(T9.T8) DEFINE QREMOTE(T8) RNAME(T8) RQMNAME(TEST8) XMITQ(T9.T8)
QMGRs:6
9 10 11 MAX:11
PREV:9: NEXT:11: J:1 HALF:3
FIRST
DEFINE QREMOTE(T11) RNAME(T11) RQMNAME(TEST11) XMITQ(T10.T11)
PREV:9: NEXT:11: J:2 HALF:3
FIRST
DEFINE QREMOTE(T6) RNAME(T6) RQMNAME(TEST11) XMITQ(T10.T11)
PREV:9: NEXT:11: J:3 HALF:3
FIRST
DEFINE QREMOTE(T7) RNAME(T7) RQMNAME(TEST11) XMITQ(T10.T11)
PREV:9: NEXT:11: J:4 HALF:3
SECOND
DEFINE QREMOTE(T8) RNAME(T8) RQMNAME(TEST9) XMITQ(T10.T9)
PREV:9: NEXT:11: J:5 HALF:3
SECOND
DEFINE QREMOTE(T9) RNAME(T9) RQMNAME(TEST9) XMITQ(T10.T9)
CMD: DEFINE QREMOTE(T11) RNAME(T11) RQMNAME(TEST11) XMITQ(T10.T11) DEFINE QREMOTE(T6) RNAME(T6) RQMNAME(TEST11) XMITQ(T10.T11) DEFINE QREMOTE(T7) RNAME(T7) RQMNAME(TEST11) XMITQ(T10.T11) DEFINE QREMOTE(T8) RNAME(T8) RQMNAME(TEST9) XMITQ(T10.T9) DEFINE QREMOTE(T9) RNAME(T9) RQMNAME(TEST9) XMITQ(T10.T9)
QMGRs:6
10 11 6 MAX:11
PREV:10: NEXT:6: J:1 HALF:3
FIRST
DEFINE QREMOTE(T6) RNAME(T6) RQMNAME(TEST6) XMITQ(T11.T6)
PREV:10: NEXT:6: J:2 HALF:3
FIRST
DEFINE QREMOTE(T7) RNAME(T7) RQMNAME(TEST6) XMITQ(T11.T6)
PREV:10: NEXT:6: J:3 HALF:3
FIRST
DEFINE QREMOTE(T8) RNAME(T8) RQMNAME(TEST6) XMITQ(T11.T6)
PREV:10: NEXT:6: J:4 HALF:3
SECOND
DEFINE QREMOTE(T9) RNAME(T9) RQMNAME(TEST10) XMITQ(T11.T10)
PREV:10: NEXT:6: J:5 HALF:3
SECOND
DEFINE QREMOTE(T10) RNAME(T10) RQMNAME(TEST10) XMITQ(T11.T10)
CMD: DEFINE QREMOTE(T6) RNAME(T6) RQMNAME(TEST6) XMITQ(T11.T6) DEFINE QREMOTE(T7) RNAME(T7) RQMNAME(TEST6) XMITQ(T11.T6) DEFINE QREMOTE(T8) RNAME(T8) RQMNAME(TEST6) XMITQ(T11.T6) DEFINE QREMOTE(T9) RNAME(T9) RQMNAME(TEST10) XMITQ(T11.T10) DEFINE QREMOTE(T10) RNAME(T10) RQMNAME(TEST10) XMITQ(T11.T10)
